<?xml version="1.0" encoding="UTF-8"?>
<robot generator="Robot 3.1.2 (Python 3.6.8 on linux)" generated="20190806 16:38:12.696" rpa="false">
<suite id="s1" name="Health" source="/home/ubuntu/oran_repo/LF-e2mgr/Automation/Tests/Health">
<suite id="s1-s1" name="Get Health Check" source="/home/ubuntu/oran_repo/LF-e2mgr/Automation/Tests/Health/get_health_check.robot">
<kw name="Start dockers" type="setup">
<kw name="Run And Return Rc And Output" library="OperatingSystem">
<doc>Runs the given command in the system and returns the RC and output.</doc>
<arguments>
<arg>${run_script}</arg>
</arguments>
<msg timestamp="20190806 16:38:13.043" level="INFO">Running command '/home/ubuntu/run.sh 2&gt;&amp;1'.</msg>
<status status="PASS" starttime="20190806 16:38:13.040" endtime="20190806 16:38:48.862"></status>
</kw>
<kw name="Run And Return Rc And Output" library="OperatingSystem">
<doc>Runs the given command in the system and returns the RC and output.</doc>
<arguments>
<arg>${docker_command}</arg>
</arguments>
<assign>
<var>${result}</var>
</assign>
<msg timestamp="20190806 16:38:48.867" level="INFO">Running command 'docker ps | grep 1.0 | wc --lines 2&gt;&amp;1'.</msg>
<msg timestamp="20190806 16:38:48.950" level="INFO">${result} = (0, '4')</msg>
<status status="PASS" starttime="20190806 16:38:48.863" endtime="20190806 16:38:48.950"></status>
</kw>
<kw name="Should Be Equal As Integers" library="BuiltIn">
<doc>Fails if objects are unequal after converting them to integers.</doc>
<arguments>
<arg>${result[1]}</arg>
<arg>4</arg>
</arguments>
<status status="PASS" starttime="20190806 16:38:48.951" endtime="20190806 16:38:48.952"></status>
</kw>
<status status="PASS" starttime="20190806 16:38:13.040" endtime="20190806 16:38:48.953"></status>
</kw>
<test id="s1-s1-t1" name="Get Health">
<kw name="Get" library="REST">
<tags>
<tag>http</tag>
</tags>
<doc>*Sends a GET request to the endpoint.*</doc>
<arguments>
<arg>/v1/health</arg>
</arguments>
<status status="PASS" starttime="20190806 16:38:48.954" endtime="20190806 16:38:48.990"></status>
</kw>
<kw name="Integer" library="REST">
<tags>
<tag>assertions</tag>
</tags>
<doc>*Asserts the field as JSON integer.*</doc>
<arguments>
<arg>response status</arg>
<arg>200</arg>
</arguments>
<status status="PASS" starttime="20190806 16:38:48.991" endtime="20190806 16:38:48.993"></status>
</kw>
<status status="PASS" starttime="20190806 16:38:48.953" endtime="20190806 16:38:48.993" critical="yes"></status>
</test>
<status status="PASS" starttime="20190806 16:38:12.728" endtime="20190806 16:38:48.994"></status>
</suite>
<doc>ORAN health check</doc>
<status status="PASS" starttime="20190806 16:38:12.698" endtime="20190806 16:38:48.995"></status>
</suite>
<statistics>
<total>
<stat pass="1" fail="0">Critical Tests</stat>
<stat pass="1" fail="0">All Tests</stat>
</total>
<tag>
</tag>
<suite>
<stat pass="1" fail="0" id="s1" name="Health">Health</stat>
<stat pass="1" fail="0" id="s1-s1" name="Get Health Check">Health.Get Health Check</stat>
</suite>
</statistics>
<errors>
</errors>
</robot>
