<?xml version="1.0" encoding="UTF-8"?>
<robot generator="Robot 3.1.2 (Python 3.6.8 on linux)" generated="20190828 15:42:18.552" rpa="false">
<suite id="s1" name="Reset RIC TO RAN" source="/home/ubuntu/oran_repo/LF-e2mgr/Automation/Tests/Reset_RIC_TO_RAN">
<suite id="s1-s1" name="Reset Happy no cause" source="/home/ubuntu/oran_repo/LF-e2mgr/Automation/Tests/Reset_RIC_TO_RAN/Reset_Happy_no_cause.robot">
<test id="s1-s1-t1" name="Prepare Ran in Connected connectionStatus">
<kw name="Post Request setup node b x-2" library="Keywords">
<kw name="Set Headers" library="REST">
<tags>
<tag>settings</tag>
</tags>
<doc>*Sets new request headers or updates the existing.*</doc>
<arguments>
<arg>${header}</arg>
</arguments>
<status status="PASS" starttime="20190828 15:42:19.365" endtime="20190828 15:42:19.365"></status>
</kw>
<kw name="Post" library="REST">
<tags>
<tag>http</tag>
</tags>
<doc>*Sends a POST request to the endpoint.*</doc>
<arguments>
<arg>/v1/nodeb/x2-setup</arg>
<arg>${json}</arg>
</arguments>
<status status="FAIL" starttime="20190828 15:42:19.365" endtime="20190828 15:43:10.009"></status>
</kw>
<status status="FAIL" starttime="20190828 15:42:19.364" endtime="20190828 15:43:10.009"></status>
</kw>
<status status="FAIL" starttime="20190828 15:42:19.363" endtime="20190828 15:43:10.009" critical="yes">Execution terminated by signal</status>
</test>
<test id="s1-s1-t2" name="Send Reset reqeust with no cause">
<tags>
<tag>robot:exit</tag>
</tags>
<status status="FAIL" starttime="20190828 15:43:10.010" endtime="20190828 15:43:10.010" critical="yes">Test execution stopped due to a fatal error.</status>
</test>
<status status="FAIL" starttime="20190828 15:42:18.635" endtime="20190828 15:43:10.011"></status>
</suite>
<suite id="s1-s2" name="Reset Happy with cause" source="/home/ubuntu/oran_repo/LF-e2mgr/Automation/Tests/Reset_RIC_TO_RAN/Reset_Happy_with_cause.robot">
<test id="s1-s2-t1" name="Prepare Ran in Connected connectionStatus">
<tags>
<tag>robot:exit</tag>
</tags>
<status status="FAIL" starttime="20190828 15:43:10.014" endtime="20190828 15:43:10.014" critical="yes">Test execution stopped due to a fatal error.</status>
</test>
<test id="s1-s2-t2" name="Send Reset reqeust with no cause">
<tags>
<tag>robot:exit</tag>
</tags>
<status status="FAIL" starttime="20190828 15:43:10.015" endtime="20190828 15:43:10.016" critical="yes">Test execution stopped due to a fatal error.</status>
</test>
<status status="FAIL" starttime="20190828 15:43:10.013" endtime="20190828 15:43:10.016"></status>
</suite>
<suite id="s1-s3" name="Reset unhappy" source="/home/ubuntu/oran_repo/LF-e2mgr/Automation/Tests/Reset_RIC_TO_RAN/Reset_unhappy.robot">
<test id="s1-s3-t1" name="Pre Condition for Connecting - no E2">
<tags>
<tag>robot:exit</tag>
</tags>
<status status="FAIL" starttime="20190828 15:43:10.018" endtime="20190828 15:43:10.019" critical="yes">Test execution stopped due to a fatal error.</status>
</test>
<test id="s1-s3-t2" name="Prepare Ran in Connecting connectionStatus">
<tags>
<tag>robot:exit</tag>
</tags>
<status status="FAIL" starttime="20190828 15:43:10.020" endtime="20190828 15:43:10.020" critical="yes">Test execution stopped due to a fatal error.</status>
</test>
<test id="s1-s3-t3" name="Send Reset reqeust with no cause">
<tags>
<tag>robot:exit</tag>
</tags>
<status status="FAIL" starttime="20190828 15:43:10.021" endtime="20190828 15:43:10.021" critical="yes">Test execution stopped due to a fatal error.</status>
</test>
<status status="FAIL" starttime="20190828 15:43:10.017" endtime="20190828 15:43:10.023"></status>
</suite>
<doc>ORAN Reset API - RIC to RAN</doc>
<status status="FAIL" starttime="20190828 15:42:18.555" endtime="20190828 15:43:10.025"></status>
</suite>
<statistics>
<total>
<stat pass="0" fail="7">Critical Tests</stat>
<stat pass="0" fail="7">All Tests</stat>
</total>
<tag>
<stat pass="0" fail="1" info="combined" combined="NOT robot:exit">NOT robot:exit</stat>
<stat pass="0" fail="6">robot:exit</stat>
</tag>
<suite>
<stat pass="0" fail="7" id="s1" name="Reset RIC TO RAN">Reset RIC TO RAN</stat>
<stat pass="0" fail="2" id="s1-s1" name="Reset Happy no cause">Reset RIC TO RAN.Reset Happy no cause</stat>
<stat pass="0" fail="2" id="s1-s2" name="Reset Happy with cause">Reset RIC TO RAN.Reset Happy with cause</stat>
<stat pass="0" fail="3" id="s1-s3" name="Reset unhappy">Reset RIC TO RAN.Reset unhappy</stat>
</suite>
</statistics>
<errors>
</errors>
</robot>
