mode: set
e2mgr/controllers/nodeb_controller.go:69.68,78.2 3 1
e2mgr/controllers/nodeb_controller.go:81.52,85.2 3 1
e2mgr/controllers/nodeb_controller.go:87.118,95.16 6 1
e2mgr/controllers/nodeb_controller.go:100.2,102.16 2 1
e2mgr/controllers/nodeb_controller.go:107.2,109.74 2 1
e2mgr/controllers/nodeb_controller.go:114.2,116.16 2 1
e2mgr/controllers/nodeb_controller.go:121.2,134.16 8 1
e2mgr/controllers/nodeb_controller.go:139.2,139.59 1 1
e2mgr/controllers/nodeb_controller.go:95.16,98.3 2 1
e2mgr/controllers/nodeb_controller.go:102.16,105.3 2 0
e2mgr/controllers/nodeb_controller.go:109.74,112.3 2 1
e2mgr/controllers/nodeb_controller.go:116.16,119.3 2 0
e2mgr/controllers/nodeb_controller.go:134.16,137.3 2 0
e2mgr/controllers/nodeb_controller.go:142.120,147.22 4 1
e2mgr/controllers/nodeb_controller.go:154.2,157.16 3 1
e2mgr/controllers/nodeb_controller.go:163.2,165.30 3 1
e2mgr/controllers/nodeb_controller.go:147.22,152.3 4 1
e2mgr/controllers/nodeb_controller.go:157.16,161.3 3 0
e2mgr/controllers/nodeb_controller.go:168.113,174.22 5 1
e2mgr/controllers/nodeb_controller.go:181.2,184.16 3 1
e2mgr/controllers/nodeb_controller.go:190.2,192.30 3 1
e2mgr/controllers/nodeb_controller.go:174.22,179.3 4 1
e2mgr/controllers/nodeb_controller.go:184.16,188.3 3 0
e2mgr/controllers/nodeb_controller.go:195.129,198.2 1 1
e2mgr/controllers/nodeb_controller.go:200.93,202.78 2 1
e2mgr/controllers/nodeb_controller.go:206.2,206.28 1 1
e2mgr/controllers/nodeb_controller.go:202.78,205.3 2 0
e2mgr/controllers/nodeb_controller.go:209.96,211.33 1 1
e2mgr/controllers/nodeb_controller.go:215.2,219.16 2 1
e2mgr/controllers/nodeb_controller.go:223.2,223.12 1 1
e2mgr/controllers/nodeb_controller.go:211.33,214.3 2 0
e2mgr/controllers/nodeb_controller.go:219.16,221.3 1 1
e2mgr/controllers/nodeb_controller.go:226.150,235.16 8 1
e2mgr/controllers/nodeb_controller.go:235.16,237.3 1 0
e2mgr/controllers/nodeb_controller.go:240.86,243.2 1 1
e2mgr/controllers/nodeb_controller.go:245.75,246.29 1 1
e2mgr/controllers/nodeb_controller.go:247.33,248.70 1 1
e2mgr/controllers/nodeb_controller.go:249.29,250.81 1 1
e2mgr/controllers/nodeb_controller.go:251.31,252.77 1 0
e2mgr/controllers/nodeb_controller.go:253.10,254.81 1 0
e2mgr/controllers/controller.go:40.107,48.2 2 1
e2mgr/controllers/controller.go:50.107,53.2 1 1
e2mgr/controllers/controller.go:57.72,61.20 2 1
e2mgr/controllers/controller.go:70.2,71.16 2 1
e2mgr/controllers/controller.go:76.2,78.16 2 1
e2mgr/controllers/controller.go:83.2,84.110 2 1
e2mgr/controllers/controller.go:61.20,64.17 2 1
e2mgr/controllers/controller.go:64.17,67.4 2 1
e2mgr/controllers/controller.go:71.16,74.3 2 0
e2mgr/controllers/controller.go:78.16,81.3 2 1
e2mgr/controllers/controller.go:87.72,89.53 1 1
e2mgr/controllers/controller.go:94.2,94.12 1 1
e2mgr/controllers/controller.go:89.53,93.3 2 1
e2mgr/controllers/controller.go:97.80,102.16 3 1
e2mgr/controllers/controller.go:122.2,130.16 6 1
e2mgr/controllers/controller.go:102.16,103.21 1 1
e2mgr/controllers/controller.go:104.37,107.46 3 1
e2mgr/controllers/controller.go:108.55,111.43 3 1
e2mgr/controllers/controller.go:112.47,115.47 3 1
e2mgr/controllers/controller.go:116.11,119.46 3 1
e2mgr/controllers/controller.go:130.16,132.3 1 0
e2mgr/logger/logger.go:71.58,72.85 1 1
e2mgr/logger/logger.go:75.2,75.27 1 1
e2mgr/logger/logger.go:72.85,74.3 1 1
e2mgr/logger/logger.go:78.54,81.19 3 1
e2mgr/logger/logger.go:99.2,99.16 1 1
e2mgr/logger/logger.go:102.2,102.36 1 1
e2mgr/logger/logger.go:82.18,83.54 1 1
e2mgr/logger/logger.go:84.17,85.53 1 1
e2mgr/logger/logger.go:86.17,87.53 1 0
e2mgr/logger/logger.go:88.18,89.54 1 0
e2mgr/logger/logger.go:90.19,91.55 1 0
e2mgr/logger/logger.go:92.18,93.54 1 0
e2mgr/logger/logger.go:94.18,95.54 1 1
e2mgr/logger/logger.go:96.10,97.58 1 1
e2mgr/logger/logger.go:99.16,101.3 1 1
e2mgr/logger/logger.go:105.29,108.2 2 1
e2mgr/logger/logger.go:110.60,111.21 1 1
e2mgr/logger/logger.go:111.21,114.3 2 1
e2mgr/logger/logger.go:117.61,118.21 1 1
e2mgr/logger/logger.go:118.21,121.3 2 1
e2mgr/logger/logger.go:124.61,127.2 2 1
e2mgr/logger/logger.go:129.60,132.2 2 0
e2mgr/logger/logger.go:134.54,138.2 3 1
e2mgr/logger/logger.go:140.34,142.2 1 1
e2mgr/logger/logger.go:144.35,146.2 1 1
e2mgr/logger/logger.go:148.62,151.2 2 1
e2mgr/logger/logger.go:153.62,173.2 2 1
e2mgr/logger/logger.go:175.92,177.2 1 1
e2mgr/logger/logger.go:179.84,183.2 3 1
e2mgr/main/http_server.go:39.13,43.16 4 0
e2mgr/main/http_server.go:47.2,60.59 13 0
e2mgr/main/http_server.go:43.16,46.3 2 0
e2mgr/main/http_server.go:63.163,76.58 10 0
e2mgr/main/http_server.go:76.58,78.3 1 0
e2mgr/models/e2_request_message.go:33.59,35.2 1 1
e2mgr/models/e2_request_message.go:37.65,39.2 1 1
e2mgr/models/e2_request_message.go:41.128,43.2 1 1
e2mgr/models/e2_request_message.go:45.90,52.2 4 1
e2mgr/models/notification_request.go:30.125,38.2 1 0
e2mgr/models/notification_response.go:31.86,33.2 1 0
e2mgr/providers/incoming_request_handler_provider.go:41.79,47.2 1 0
e2mgr/providers/incoming_request_handler_provider.go:50.91,55.2 1 0
e2mgr/providers/incoming_request_handler_provider.go:57.121,60.9 2 0
e2mgr/providers/incoming_request_handler_provider.go:65.2,65.21 1 0
e2mgr/providers/incoming_request_handler_provider.go:60.9,63.3 2 0
e2mgr/providers/notification_handler_provider.go:34.160,40.2 1 1
e2mgr/providers/notification_handler_provider.go:42.164,54.2 1 1
e2mgr/providers/notification_handler_provider.go:56.123,59.9 2 1
e2mgr/providers/notification_handler_provider.go:63.2,63.21 1 1
e2mgr/providers/notification_handler_provider.go:59.9,61.3 1 1
e2mgr/providers/request_handler_provider.go:32.105,35.2 2 1
e2mgr/providers/request_handler_provider.go:37.98,42.2 1 1
e2mgr/providers/request_handler_provider.go:44.120,47.9 2 1
e2mgr/providers/request_handler_provider.go:53.2,53.21 1 1
e2mgr/providers/request_handler_provider.go:47.9,51.3 3 1
e2mgr/rNibWriter/rNibWriter.go:47.43,49.22 1 1
e2mgr/rNibWriter/rNibWriter.go:49.22,52.4 2 0
e2mgr/rNibWriter/rNibWriter.go:53.25,55.4 1 0
e2mgr/rNibWriter/rNibWriter.go:60.86,62.2 1 1
e2mgr/rNibWriter/rNibWriter.go:66.33,68.2 1 1
e2mgr/rNibWriter/rNibWriter.go:72.119,76.72 2 1
e2mgr/rNibWriter/rNibWriter.go:79.2,81.16 3 1
e2mgr/rNibWriter/rNibWriter.go:84.2,86.19 3 1
e2mgr/rNibWriter/rNibWriter.go:89.2,91.24 2 1
e2mgr/rNibWriter/rNibWriter.go:99.2,99.28 1 1
e2mgr/rNibWriter/rNibWriter.go:105.2,105.28 1 1
e2mgr/rNibWriter/rNibWriter.go:111.2,112.16 2 1
e2mgr/rNibWriter/rNibWriter.go:115.2,115.24 1 1
e2mgr/rNibWriter/rNibWriter.go:125.2,125.12 1 1
e2mgr/rNibWriter/rNibWriter.go:76.72,78.3 1 1
e2mgr/rNibWriter/rNibWriter.go:81.16,83.3 1 1
e2mgr/rNibWriter/rNibWriter.go:86.19,88.3 1 1
e2mgr/rNibWriter/rNibWriter.go:91.24,93.20 2 1
e2mgr/rNibWriter/rNibWriter.go:96.3,96.35 1 1
e2mgr/rNibWriter/rNibWriter.go:93.20,95.4 1 0
e2mgr/rNibWriter/rNibWriter.go:99.28,101.20 2 1
e2mgr/rNibWriter/rNibWriter.go:101.20,103.4 1 1
e2mgr/rNibWriter/rNibWriter.go:105.28,107.20 2 1
e2mgr/rNibWriter/rNibWriter.go:107.20,109.4 1 1
e2mgr/rNibWriter/rNibWriter.go:112.16,114.3 1 1
e2mgr/rNibWriter/rNibWriter.go:115.24,117.17 2 1
e2mgr/rNibWriter/rNibWriter.go:120.3,121.17 2 1
e2mgr/rNibWriter/rNibWriter.go:117.17,119.4 1 0
e2mgr/rNibWriter/rNibWriter.go:121.17,123.4 1 0
e2mgr/rNibWriter/rNibWriter.go:131.142,137.20 3 1
e2mgr/rNibWriter/rNibWriter.go:141.2,143.16 2 1
e2mgr/rNibWriter/rNibWriter.go:147.2,152.16 4 1
e2mgr/rNibWriter/rNibWriter.go:156.2,156.12 1 1
e2mgr/rNibWriter/rNibWriter.go:137.20,139.3 1 1
e2mgr/rNibWriter/rNibWriter.go:143.16,145.3 1 1
e2mgr/rNibWriter/rNibWriter.go:152.16,154.3 1 1
e2mgr/rNibWriter/rNibWriter.go:162.13,164.2 1 1
e2mgr/rNibWriter/rNibWriter.go:166.144,167.29 1 1
e2mgr/rNibWriter/rNibWriter.go:184.2,184.19 1 1
e2mgr/rNibWriter/rNibWriter.go:167.29,170.17 3 1
e2mgr/rNibWriter/rNibWriter.go:173.3,174.20 2 1
e2mgr/rNibWriter/rNibWriter.go:177.3,179.20 3 1
e2mgr/rNibWriter/rNibWriter.go:182.3,182.39 1 1
e2mgr/rNibWriter/rNibWriter.go:170.17,172.4 1 0
e2mgr/rNibWriter/rNibWriter.go:174.20,176.4 1 1
e2mgr/rNibWriter/rNibWriter.go:179.20,181.4 1 0
e2mgr/rNibWriter/rNibWriter.go:187.143,188.29 1 1
e2mgr/rNibWriter/rNibWriter.go:205.2,205.19 1 1
e2mgr/rNibWriter/rNibWriter.go:188.29,191.17 3 1
e2mgr/rNibWriter/rNibWriter.go:194.3,195.20 2 1
e2mgr/rNibWriter/rNibWriter.go:198.3,200.20 3 1
e2mgr/rNibWriter/rNibWriter.go:203.3,203.39 1 1
e2mgr/rNibWriter/rNibWriter.go:191.17,193.4 1 0
e2mgr/rNibWriter/rNibWriter.go:195.20,197.4 1 1
e2mgr/rNibWriter/rNibWriter.go:200.20,202.4 1 0
e2mgr/rNibWriter/rNibWriter.go:208.55,210.2 1 1
e2mgr/rmrCgo/rmrCgoTypes.go:31.87,39.2 1 1
e2mgr/rmrCgo/rmrCgoTypes.go:41.96,48.2 1 1
e2mgr/rmrCgo/rmrCgoTypes.go:119.32,121.2 1 0
e2mgr/rmrCgo/rmrCgoUtils.go:32.66,48.93 7 0
e2mgr/rmrCgo/rmrCgoUtils.go:52.2,52.13 1 0
e2mgr/rmrCgo/rmrCgoUtils.go:48.93,50.3 1 0
e2mgr/rmrCgo/rmrCgoUtils.go:55.115,68.50 9 0
e2mgr/rmrCgo/rmrCgoUtils.go:73.2,74.51 2 0
e2mgr/rmrCgo/rmrCgoUtils.go:78.2,82.16 4 0
e2mgr/rmrCgo/rmrCgoUtils.go:86.2,87.16 2 0
e2mgr/rmrCgo/rmrCgoUtils.go:91.2,92.34 2 0
e2mgr/rmrCgo/rmrCgoUtils.go:96.2,96.14 1 0
e2mgr/rmrCgo/rmrCgoUtils.go:68.50,70.3 1 0
e2mgr/rmrCgo/rmrCgoUtils.go:74.51,76.3 1 0
e2mgr/rmrCgo/rmrCgoUtils.go:82.16,85.3 1 0
e2mgr/rmrCgo/rmrCgoUtils.go:87.16,90.3 1 0
e2mgr/rmrCgo/rmrCgoUtils.go:92.34,95.3 1 0
e2mgr/rmrCgo/rmrCgoUtils.go:100.47,101.23 1 0
e2mgr/rmrCgo/rmrCgoUtils.go:101.23,102.24 1 0
e2mgr/rmrCgo/rmrCgoUtils.go:105.3,105.138 1 0
e2mgr/rmrCgo/rmrCgoUtils.go:102.24,104.4 1 0
e2mgr/rmrCgo/rmrCgoApi.go:34.99,41.21 6 1
e2mgr/rmrCgo/rmrCgoApi.go:48.2,50.11 3 1
e2mgr/rmrCgo/rmrCgoApi.go:41.21,43.39 2 1
e2mgr/rmrCgo/rmrCgoApi.go:43.39,46.4 2 0
e2mgr/rmrCgo/rmrCgoApi.go:53.71,59.21 6 0
e2mgr/rmrCgo/rmrCgoApi.go:66.2,74.21 7 0
e2mgr/rmrCgo/rmrCgoApi.go:80.2,81.50 2 0
e2mgr/rmrCgo/rmrCgoApi.go:59.21,63.3 3 0
e2mgr/rmrCgo/rmrCgoApi.go:74.21,78.3 3 0
e2mgr/rmrCgo/rmrCgoApi.go:84.46,93.21 7 0
e2mgr/rmrCgo/rmrCgoApi.go:99.2,103.18 5 0
e2mgr/rmrCgo/rmrCgoApi.go:93.21,97.3 3 0
e2mgr/rmrCgo/rmrCgoApi.go:106.39,112.2 5 0
e2mgr/rmrCgo/rmrCgoApi.go:114.36,117.2 2 1
e2mgr/rmrCgo/rmrCgoApi.go:119.29,123.2 3 0
e2mgr/rnibBuilders/node_info_builder.go:25.111,35.2 8 1
e2mgr/services/rmr_service.go:38.90,40.2 1 1
e2mgr/services/rmr_service.go:53.61,62.2 1 1
e2mgr/services/rmr_service.go:65.21,80.2 9 1
e2mgr/services/rmr_service.go:82.76,93.16 6 0
e2mgr/services/rmr_service.go:93.16,96.3 2 0
e2mgr/services/rmr_service.go:100.40,102.6 1 1
e2mgr/services/rmr_service.go:102.6,107.17 3 1
e2mgr/services/rmr_service.go:111.3,111.79 1 0
e2mgr/services/rmr_service.go:107.17,108.12 1 1
e2mgr/services/rmr_service.go:115.36,116.5 1 0
e2mgr/services/rmr_service.go:116.5,119.10 2 0
e2mgr/services/rmr_service.go:125.3,126.29 2 0
e2mgr/services/rmr_service.go:119.10,122.9 2 0
e2mgr/services/rmr_service.go:130.37,131.35 1 1
e2mgr/services/rmr_service.go:131.35,135.3 3 1
e2mgr/services/rnib_reader_service.go:30.83,32.2 1 0
e2mgr/services/rnib_reader_service.go:36.94,38.2 1 0
e2mgr/services/rnib_reader_service.go:40.90,43.18 2 0
e2mgr/services/rnib_reader_service.go:47.2,49.18 2 0
e2mgr/services/rnib_reader_service.go:53.2,55.26 2 0
e2mgr/services/rnib_reader_service.go:43.18,45.3 1 0
e2mgr/services/rnib_reader_service.go:49.18,51.3 1 0
e2mgr/handlers/endc_setup_request_handler.go:36.107,40.2 1 1
e2mgr/handlers/endc_setup_request_handler.go:42.111,46.20 3 0
e2mgr/handlers/endc_setup_request_handler.go:52.2,52.16 1 0
e2mgr/handlers/endc_setup_request_handler.go:46.20,48.3 1 0
e2mgr/handlers/endc_setup_request_handler.go:48.8,50.3 1 0
e2mgr/handlers/endc_setup_request_handler.go:55.226,60.16 3 1
e2mgr/handlers/endc_setup_request_handler.go:71.2,71.11 1 1
e2mgr/handlers/endc_setup_request_handler.go:60.16,62.3 1 0
e2mgr/handlers/endc_setup_request_handler.go:62.8,69.3 5 1
e2mgr/handlers/endc_setup_request_handler.go:74.53,76.2 1 0
e2mgr/handlers/endc_x2Setup_failure_response_notification_handler.go:33.91,38.16 3 0
e2mgr/handlers/endc_x2Setup_failure_response_notification_handler.go:42.2,43.8 2 0
e2mgr/handlers/endc_x2Setup_failure_response_notification_handler.go:38.16,40.3 1 0
e2mgr/handlers/endc_x2Setup_failure_response_notification_handler.go:43.8,44.29 1 0
e2mgr/handlers/endc_x2Setup_failure_response_notification_handler.go:65.3,66.44 2 0
e2mgr/handlers/endc_x2Setup_failure_response_notification_handler.go:44.29,56.87 9 0
e2mgr/handlers/endc_x2Setup_failure_response_notification_handler.go:56.87,58.5 1 0
e2mgr/handlers/endc_x2Setup_failure_response_notification_handler.go:58.10,60.30 2 0
e2mgr/handlers/endc_x2Setup_failure_response_notification_handler.go:60.30,62.6 1 0
e2mgr/handlers/endc_x2apSetupRequest_asn1_packer.go:32.221,39.96 4 1
e2mgr/handlers/endc_x2apSetupRequest_asn1_packer.go:43.2,43.27 1 1
e2mgr/handlers/endc_x2apSetupRequest_asn1_packer.go:52.2,52.39 1 1
e2mgr/handlers/endc_x2apSetupRequest_asn1_packer.go:39.96,41.3 1 1
e2mgr/handlers/endc_x2apSetupRequest_asn1_packer.go:43.27,46.119 3 0
e2mgr/handlers/endc_x2apSetupRequest_asn1_packer.go:46.119,49.4 2 0
e2mgr/handlers/setup_request_handler.go:58.99,62.2 1 1
e2mgr/handlers/setup_request_handler.go:64.107,68.20 3 0
e2mgr/handlers/setup_request_handler.go:74.2,74.16 1 0
e2mgr/handlers/setup_request_handler.go:68.20,70.3 1 0
e2mgr/handlers/setup_request_handler.go:70.8,72.3 1 0
e2mgr/handlers/setup_request_handler.go:77.222,82.16 3 1
e2mgr/handlers/setup_request_handler.go:93.2,93.11 1 1
e2mgr/handlers/setup_request_handler.go:82.16,84.3 1 0
e2mgr/handlers/setup_request_handler.go:84.8,91.3 5 1
e2mgr/handlers/setup_request_handler.go:96.59,103.12 3 0
e2mgr/handlers/setup_request_handler.go:108.2,108.19 1 0
e2mgr/handlers/setup_request_handler.go:111.2,111.53 1 0
e2mgr/handlers/setup_request_handler.go:103.12,106.3 1 0
e2mgr/handlers/setup_request_handler.go:108.19,110.3 1 0
e2mgr/handlers/setup_request_handler.go:118.37,119.91 1 1
e2mgr/handlers/setup_request_handler.go:123.2,123.21 1 1
e2mgr/handlers/setup_request_handler.go:127.2,127.20 1 1
e2mgr/handlers/setup_request_handler.go:131.2,131.134 1 1
e2mgr/handlers/setup_request_handler.go:135.2,135.12 1 1
e2mgr/handlers/setup_request_handler.go:119.91,121.3 1 1
e2mgr/handlers/setup_request_handler.go:123.21,125.3 1 1
e2mgr/handlers/setup_request_handler.go:127.20,129.3 1 1
e2mgr/handlers/setup_request_handler.go:131.134,133.3 1 1
e2mgr/handlers/setup_request_handler.go:139.49,141.2 1 0
e2mgr/handlers/setup_request_handler.go:143.13,147.42 2 1
e2mgr/handlers/setup_request_handler.go:147.42,148.13 1 0
e2mgr/handlers/x2Setup_failure_response_notification_handler.go:32.91,37.16 3 0
e2mgr/handlers/x2Setup_failure_response_notification_handler.go:41.2,42.8 2 0
e2mgr/handlers/x2Setup_failure_response_notification_handler.go:37.16,39.3 1 0
e2mgr/handlers/x2Setup_failure_response_notification_handler.go:42.8,43.29 1 0
e2mgr/handlers/x2Setup_failure_response_notification_handler.go:64.3,65.44 2 0
e2mgr/handlers/x2Setup_failure_response_notification_handler.go:43.29,55.87 9 0
e2mgr/handlers/x2Setup_failure_response_notification_handler.go:55.87,57.5 1 0
e2mgr/handlers/x2Setup_failure_response_notification_handler.go:57.10,59.30 2 0
e2mgr/handlers/x2Setup_failure_response_notification_handler.go:59.30,61.6 1 0
e2mgr/handlers/enb_load_information_to_protobuf.go:31.98,33.52 1 1
e2mgr/handlers/enb_load_information_to_protobuf.go:37.2,39.116 2 1
e2mgr/handlers/enb_load_information_to_protobuf.go:43.2,45.35 2 1
e2mgr/handlers/enb_load_information_to_protobuf.go:49.2,51.31 2 1
e2mgr/handlers/enb_load_information_to_protobuf.go:55.2,59.93 3 1
e2mgr/handlers/enb_load_information_to_protobuf.go:63.2,67.87 3 1
e2mgr/handlers/enb_load_information_to_protobuf.go:71.2,71.176 1 1
e2mgr/handlers/enb_load_information_to_protobuf.go:33.52,35.3 1 0
e2mgr/handlers/enb_load_information_to_protobuf.go:39.116,41.3 1 0
e2mgr/handlers/enb_load_information_to_protobuf.go:45.35,47.3 1 0
e2mgr/handlers/enb_load_information_to_protobuf.go:51.31,53.3 1 0
e2mgr/handlers/enb_load_information_to_protobuf.go:59.93,61.3 1 0
e2mgr/handlers/enb_load_information_to_protobuf.go:67.87,69.3 1 0
e2mgr/handlers/enb_load_information_to_protobuf.go:74.144,78.16 2 1
e2mgr/handlers/enb_load_information_to_protobuf.go:82.2,85.16 3 1
e2mgr/handlers/enb_load_information_to_protobuf.go:89.2,91.12 2 1
e2mgr/handlers/enb_load_information_to_protobuf.go:78.16,80.3 1 0
e2mgr/handlers/enb_load_information_to_protobuf.go:85.16,87.3 1 0
e2mgr/handlers/enb_load_information_to_protobuf.go:94.106,96.84 1 1
e2mgr/handlers/enb_load_information_to_protobuf.go:100.2,100.80 1 1
e2mgr/handlers/enb_load_information_to_protobuf.go:96.84,98.3 1 0
e2mgr/handlers/enb_load_information_to_protobuf.go:103.135,110.16 4 1
e2mgr/handlers/enb_load_information_to_protobuf.go:114.2,114.55 1 1
e2mgr/handlers/enb_load_information_to_protobuf.go:118.2,120.16 2 1
e2mgr/handlers/enb_load_information_to_protobuf.go:124.2,124.53 1 1
e2mgr/handlers/enb_load_information_to_protobuf.go:128.2,130.41 2 1
e2mgr/handlers/enb_load_information_to_protobuf.go:140.2,142.49 2 1
e2mgr/handlers/enb_load_information_to_protobuf.go:146.2,148.16 2 1
e2mgr/handlers/enb_load_information_to_protobuf.go:152.2,152.12 1 1
e2mgr/handlers/enb_load_information_to_protobuf.go:110.16,112.3 1 0
e2mgr/handlers/enb_load_information_to_protobuf.go:114.55,116.3 1 1
e2mgr/handlers/enb_load_information_to_protobuf.go:120.16,122.3 1 0
e2mgr/handlers/enb_load_information_to_protobuf.go:124.53,126.3 1 1
e2mgr/handlers/enb_load_information_to_protobuf.go:130.41,133.17 2 1
e2mgr/handlers/enb_load_information_to_protobuf.go:137.3,137.128 1 1
e2mgr/handlers/enb_load_information_to_protobuf.go:133.17,135.4 1 0
e2mgr/handlers/enb_load_information_to_protobuf.go:142.49,144.3 1 1
e2mgr/handlers/enb_load_information_to_protobuf.go:148.16,150.3 1 0
e2mgr/handlers/enb_load_information_to_protobuf.go:156.42,160.2 3 1
e2mgr/handlers/enb_load_information_to_protobuf.go:162.180,164.62 2 1
e2mgr/handlers/enb_load_information_to_protobuf.go:168.2,168.20 1 1
e2mgr/handlers/enb_load_information_to_protobuf.go:164.62,166.3 1 1
e2mgr/handlers/enb_load_information_to_protobuf.go:171.171,173.66 1 1
e2mgr/handlers/enb_load_information_to_protobuf.go:177.2,179.103 2 1
e2mgr/handlers/enb_load_information_to_protobuf.go:183.2,185.54 2 1
e2mgr/handlers/enb_load_information_to_protobuf.go:173.66,175.3 1 1
e2mgr/handlers/enb_load_information_to_protobuf.go:179.103,181.3 1 0
e2mgr/handlers/enb_load_information_to_protobuf.go:188.84,193.2 1 1
e2mgr/handlers/enb_load_information_to_protobuf.go:195.82,204.37 3 1
e2mgr/handlers/enb_load_information_to_protobuf.go:208.2,208.22 1 1
e2mgr/handlers/enb_load_information_to_protobuf.go:204.37,206.3 1 1
e2mgr/handlers/enb_load_information_to_protobuf.go:211.66,213.2 1 1
e2mgr/handlers/enb_load_information_to_protobuf.go:215.54,217.2 1 1
e2mgr/handlers/enb_load_information_to_protobuf.go:219.169,229.28 2 1
e2mgr/handlers/enb_load_information_to_protobuf.go:233.2,233.35 1 1
e2mgr/handlers/enb_load_information_to_protobuf.go:229.28,231.3 1 1
e2mgr/handlers/enb_load_information_to_protobuf.go:236.120,238.58 1 1
e2mgr/handlers/enb_load_information_to_protobuf.go:242.2,242.104 1 1
e2mgr/handlers/enb_load_information_to_protobuf.go:238.58,240.3 1 1
e2mgr/handlers/enb_load_information_to_protobuf.go:245.174,248.57 2 1
e2mgr/handlers/enb_load_information_to_protobuf.go:256.2,256.14 1 1
e2mgr/handlers/enb_load_information_to_protobuf.go:248.57,254.3 1 1
e2mgr/handlers/enb_load_information_to_protobuf.go:259.171,262.50 2 1
e2mgr/handlers/enb_load_information_to_protobuf.go:266.2,268.119 2 1
e2mgr/handlers/enb_load_information_to_protobuf.go:272.2,274.54 2 1
e2mgr/handlers/enb_load_information_to_protobuf.go:262.50,264.3 1 1
e2mgr/handlers/enb_load_information_to_protobuf.go:268.119,270.3 1 0
e2mgr/handlers/enb_load_information_to_protobuf.go:277.130,280.19 2 1
e2mgr/handlers/enb_load_information_to_protobuf.go:284.2,286.22 2 1
e2mgr/handlers/enb_load_information_to_protobuf.go:290.2,290.114 1 1
e2mgr/handlers/enb_load_information_to_protobuf.go:280.19,282.3 1 1
e2mgr/handlers/enb_load_information_to_protobuf.go:286.22,288.3 1 0
e2mgr/handlers/enb_load_information_to_protobuf.go:293.132,297.19 2 1
e2mgr/handlers/enb_load_information_to_protobuf.go:301.2,303.22 2 1
e2mgr/handlers/enb_load_information_to_protobuf.go:307.2,311.116 3 1
e2mgr/handlers/enb_load_information_to_protobuf.go:315.2,315.94 1 1
e2mgr/handlers/enb_load_information_to_protobuf.go:297.19,299.3 1 1
e2mgr/handlers/enb_load_information_to_protobuf.go:303.22,305.3 1 0
e2mgr/handlers/enb_load_information_to_protobuf.go:311.116,313.3 1 0
e2mgr/handlers/enb_load_information_to_protobuf.go:318.117,321.33 2 1
e2mgr/handlers/enb_load_information_to_protobuf.go:325.2,332.29 2 1
e2mgr/handlers/enb_load_information_to_protobuf.go:321.33,323.3 1 0
e2mgr/handlers/enb_load_information_to_protobuf.go:335.117,338.33 2 0
e2mgr/handlers/enb_load_information_to_protobuf.go:342.2,349.29 2 0
e2mgr/handlers/enb_load_information_to_protobuf.go:338.33,340.3 1 0
e2mgr/handlers/enb_load_information_to_protobuf.go:352.144,355.35 2 1
e2mgr/handlers/enb_load_information_to_protobuf.go:364.2,364.133 1 0
e2mgr/handlers/enb_load_information_to_protobuf.go:356.31,357.59 1 1
e2mgr/handlers/enb_load_information_to_protobuf.go:358.31,359.59 1 0
e2mgr/handlers/enb_load_information_to_protobuf.go:360.40,361.87 1 0
e2mgr/handlers/enb_load_information_to_protobuf.go:367.180,371.56 2 1
e2mgr/handlers/enb_load_information_to_protobuf.go:375.2,377.59 2 1
e2mgr/handlers/enb_load_information_to_protobuf.go:381.2,381.53 1 1
e2mgr/handlers/enb_load_information_to_protobuf.go:371.56,373.3 1 0
e2mgr/handlers/enb_load_information_to_protobuf.go:377.59,379.3 1 0
e2mgr/handlers/enb_load_information_to_protobuf.go:384.170,392.2 3 1
e2mgr/handlers/enb_load_information_to_protobuf.go:394.135,398.22 2 1
e2mgr/handlers/enb_load_information_to_protobuf.go:402.2,402.29 1 1
e2mgr/handlers/enb_load_information_to_protobuf.go:406.2,408.59 2 1
e2mgr/handlers/enb_load_information_to_protobuf.go:412.2,412.58 1 1
e2mgr/handlers/enb_load_information_to_protobuf.go:398.22,400.3 1 0
e2mgr/handlers/enb_load_information_to_protobuf.go:402.29,404.3 1 0
e2mgr/handlers/enb_load_information_to_protobuf.go:408.59,410.3 1 0
e2mgr/handlers/enb_load_information_to_protobuf.go:415.50,417.28 2 1
e2mgr/handlers/enb_load_information_to_protobuf.go:421.2,421.12 1 1
e2mgr/handlers/enb_load_information_to_protobuf.go:417.28,419.3 1 1
e2mgr/handlers/enb_load_information_to_protobuf.go:424.202,427.36 2 1
e2mgr/handlers/enb_load_information_to_protobuf.go:431.2,433.54 2 1
e2mgr/handlers/enb_load_information_to_protobuf.go:438.2,438.51 1 1
e2mgr/handlers/enb_load_information_to_protobuf.go:442.2,444.16 2 1
e2mgr/handlers/enb_load_information_to_protobuf.go:448.2,448.21 1 1
e2mgr/handlers/enb_load_information_to_protobuf.go:452.2,452.47 1 1
e2mgr/handlers/enb_load_information_to_protobuf.go:427.36,429.3 1 0
e2mgr/handlers/enb_load_information_to_protobuf.go:433.54,436.3 2 1
e2mgr/handlers/enb_load_information_to_protobuf.go:438.51,440.3 1 1
e2mgr/handlers/enb_load_information_to_protobuf.go:444.16,446.3 1 0
e2mgr/handlers/enb_load_information_to_protobuf.go:448.21,450.3 1 1
e2mgr/handlers/enb_load_information_to_protobuf.go:455.161,458.105 2 1
e2mgr/handlers/enb_load_information_to_protobuf.go:462.2,462.103 1 1
e2mgr/handlers/enb_load_information_to_protobuf.go:466.2,466.107 1 1
e2mgr/handlers/enb_load_information_to_protobuf.go:458.105,460.3 1 0
e2mgr/handlers/enb_load_information_to_protobuf.go:462.103,464.3 1 0
e2mgr/handlers/enb_load_information_to_protobuf.go:469.136,472.44 2 1
e2mgr/handlers/enb_load_information_to_protobuf.go:476.2,478.44 2 1
e2mgr/handlers/enb_load_information_to_protobuf.go:482.2,482.45 1 1
e2mgr/handlers/enb_load_information_to_protobuf.go:472.44,474.3 1 0
e2mgr/handlers/enb_load_information_to_protobuf.go:478.44,480.3 1 0
e2mgr/handlers/enb_load_information_to_protobuf.go:485.110,490.2 1 1
e2mgr/handlers/enb_load_information_to_protobuf.go:492.145,498.102 3 1
e2mgr/handlers/enb_load_information_to_protobuf.go:502.2,504.69 2 1
e2mgr/handlers/enb_load_information_to_protobuf.go:509.2,509.32 1 1
e2mgr/handlers/enb_load_information_to_protobuf.go:498.102,500.3 1 0
e2mgr/handlers/enb_load_information_to_protobuf.go:504.69,507.3 2 1
e2mgr/handlers/enb_load_information_to_protobuf.go:512.146,516.16 2 1
e2mgr/handlers/enb_load_information_to_protobuf.go:520.2,525.30 2 1
e2mgr/handlers/enb_load_information_to_protobuf.go:516.16,518.3 1 0
e2mgr/handlers/enb_load_information_to_protobuf.go:528.127,535.16 4 1
e2mgr/handlers/enb_load_information_to_protobuf.go:539.2,539.40 1 1
e2mgr/handlers/enb_load_information_to_protobuf.go:543.2,545.106 2 1
e2mgr/handlers/enb_load_information_to_protobuf.go:549.2,551.65 2 1
e2mgr/handlers/enb_load_information_to_protobuf.go:561.2,561.30 1 1
e2mgr/handlers/enb_load_information_to_protobuf.go:535.16,537.3 1 0
e2mgr/handlers/enb_load_information_to_protobuf.go:539.40,541.3 1 1
e2mgr/handlers/enb_load_information_to_protobuf.go:545.106,547.3 1 0
e2mgr/handlers/enb_load_information_to_protobuf.go:551.65,554.17 2 1
e2mgr/handlers/enb_load_information_to_protobuf.go:558.3,558.107 1 1
e2mgr/handlers/enb_load_information_to_protobuf.go:554.17,556.4 1 0
e2mgr/handlers/enb_load_information_to_protobuf.go:564.141,567.16 2 1
e2mgr/handlers/enb_load_information_to_protobuf.go:571.2,572.12 2 1
e2mgr/handlers/enb_load_information_to_protobuf.go:567.16,569.3 1 0
e2mgr/handlers/enb_load_information_to_protobuf.go:575.143,579.2 3 1
e2mgr/handlers/enb_load_information_to_protobuf.go:581.152,585.2 3 1
e2mgr/handlers/enb_load_information_to_protobuf.go:587.161,591.2 3 1
e2mgr/handlers/enb_load_information_to_protobuf.go:593.142,596.16 2 1
e2mgr/handlers/enb_load_information_to_protobuf.go:600.2,601.12 2 1
e2mgr/handlers/enb_load_information_to_protobuf.go:596.16,598.3 1 0
e2mgr/handlers/enb_load_information_to_protobuf.go:604.159,607.16 2 1
e2mgr/handlers/enb_load_information_to_protobuf.go:611.2,612.12 2 1
e2mgr/handlers/enb_load_information_to_protobuf.go:607.16,609.3 1 0
e2mgr/handlers/enb_load_information_to_protobuf.go:615.161,616.31 1 1
e2mgr/handlers/enb_load_information_to_protobuf.go:632.2,632.12 1 1
e2mgr/handlers/enb_load_information_to_protobuf.go:616.31,620.12 2 1
e2mgr/handlers/enb_load_information_to_protobuf.go:624.3,626.17 2 1
e2mgr/handlers/enb_load_information_to_protobuf.go:620.12,621.12 1 0
e2mgr/handlers/enb_load_information_to_protobuf.go:626.17,628.4 1 0
e2mgr/handlers/enb_load_information_to_protobuf.go:635.114,641.16 3 1
e2mgr/handlers/enb_load_information_to_protobuf.go:645.2,645.69 1 1
e2mgr/handlers/enb_load_information_to_protobuf.go:653.2,653.12 1 1
e2mgr/handlers/enb_load_information_to_protobuf.go:641.16,643.3 1 0
e2mgr/handlers/enb_load_information_to_protobuf.go:645.69,648.17 2 1
e2mgr/handlers/enb_load_information_to_protobuf.go:648.17,650.4 1 0
e2mgr/handlers/endc_configuration_update_handler.go:36.54,43.16 6 1
e2mgr/handlers/endc_configuration_update_handler.go:67.2,67.230 1 1
e2mgr/handlers/endc_configuration_update_handler.go:43.16,45.13 2 1
e2mgr/handlers/endc_configuration_update_handler.go:53.3,53.93 1 1
e2mgr/handlers/endc_configuration_update_handler.go:45.13,50.4 4 1
e2mgr/handlers/endc_configuration_update_handler.go:50.9,52.4 1 0
e2mgr/handlers/endc_configuration_update_handler.go:54.8,58.13 4 0
e2mgr/handlers/endc_configuration_update_handler.go:58.13,63.4 4 0
e2mgr/handlers/endc_configuration_update_handler.go:63.9,65.4 1 0
e2mgr/handlers/endc_setup_response_notification_handler.go:34.91,40.16 3 0
e2mgr/handlers/endc_setup_response_notification_handler.go:44.2,45.8 2 0
e2mgr/handlers/endc_setup_response_notification_handler.go:40.16,42.3 1 0
e2mgr/handlers/endc_setup_response_notification_handler.go:45.8,47.17 1 0
e2mgr/handlers/endc_setup_response_notification_handler.go:72.3,73.44 2 0
e2mgr/handlers/endc_setup_response_notification_handler.go:47.17,62.87 12 0
e2mgr/handlers/endc_setup_response_notification_handler.go:62.87,64.5 1 0
e2mgr/handlers/endc_setup_response_notification_handler.go:64.10,66.30 2 0
e2mgr/handlers/endc_setup_response_notification_handler.go:66.30,68.6 1 0
e2mgr/handlers/endc_x2setupFailureResponseToProtobuf.go:32.94,35.54 2 1
e2mgr/handlers/endc_x2setupFailureResponseToProtobuf.go:68.2,68.27 1 1
e2mgr/handlers/endc_x2setupFailureResponseToProtobuf.go:35.54,38.124 2 1
e2mgr/handlers/endc_x2setupFailureResponseToProtobuf.go:38.124,40.82 2 1
e2mgr/handlers/endc_x2setupFailureResponseToProtobuf.go:40.82,43.72 3 1
e2mgr/handlers/endc_x2setupFailureResponseToProtobuf.go:43.72,44.38 1 1
e2mgr/handlers/endc_x2setupFailureResponseToProtobuf.go:44.38,45.50 1 1
e2mgr/handlers/endc_x2setupFailureResponseToProtobuf.go:46.53,49.22 3 1
e2mgr/handlers/endc_x2setupFailureResponseToProtobuf.go:52.58,53.135 1 1
e2mgr/handlers/endc_x2setupFailureResponseToProtobuf.go:54.70,56.66 2 1
e2mgr/handlers/endc_x2setupFailureResponseToProtobuf.go:49.22,51.9 1 0
e2mgr/handlers/endc_x2setupFailureResponseToProtobuf.go:56.66,58.9 1 1
e2mgr/handlers/endc_x2setupFailureResponseToProtobuf.go:58.14,60.9 1 0
e2mgr/handlers/endc_x2setupFailureResponseToProtobuf.go:71.196,73.16 2 1
e2mgr/handlers/endc_x2setupFailureResponseToProtobuf.go:77.2,79.50 2 1
e2mgr/handlers/endc_x2setupFailureResponseToProtobuf.go:73.16,75.3 1 0
e2mgr/handlers/setup_response_notification_handler.go:33.91,36.16 2 1
e2mgr/handlers/setup_response_notification_handler.go:40.2,42.8 3 1
e2mgr/handlers/setup_response_notification_handler.go:46.2,46.136 1 1
e2mgr/handlers/setup_response_notification_handler.go:36.16,38.3 1 1
e2mgr/handlers/setup_response_notification_handler.go:42.8,45.3 2 0
e2mgr/handlers/setup_response_notification_handler.go:49.104,51.2 1 1
e2mgr/handlers/x2apSetupRequest_asn1_packer.go:32.217,39.96 4 1
e2mgr/handlers/x2apSetupRequest_asn1_packer.go:43.2,43.27 1 1
e2mgr/handlers/x2apSetupRequest_asn1_packer.go:51.2,51.39 1 1
e2mgr/handlers/x2apSetupRequest_asn1_packer.go:39.96,41.3 1 1
e2mgr/handlers/x2apSetupRequest_asn1_packer.go:43.27,46.119 3 0
e2mgr/handlers/x2apSetupRequest_asn1_packer.go:46.119,49.4 2 0
e2mgr/handlers/x2enb_configuration_update_handler.go:36.54,43.16 6 1
e2mgr/handlers/x2enb_configuration_update_handler.go:68.2,68.230 1 1
e2mgr/handlers/x2enb_configuration_update_handler.go:43.16,45.12 2 1
e2mgr/handlers/x2enb_configuration_update_handler.go:53.3,53.94 1 1
e2mgr/handlers/x2enb_configuration_update_handler.go:45.12,50.4 4 1
e2mgr/handlers/x2enb_configuration_update_handler.go:50.9,52.4 1 0
e2mgr/handlers/x2enb_configuration_update_handler.go:54.8,59.13 4 1
e2mgr/handlers/x2enb_configuration_update_handler.go:59.13,64.4 4 1
e2mgr/handlers/x2enb_configuration_update_handler.go:64.9,66.4 1 0
e2mgr/handlers/x2setupResponseToProtobuf.go:45.69,48.23 2 1
e2mgr/handlers/x2setupResponseToProtobuf.go:59.2,59.47 1 0
e2mgr/handlers/x2setupResponseToProtobuf.go:49.32,50.116 1 1
e2mgr/handlers/x2setupResponseToProtobuf.go:51.31,52.114 1 1
e2mgr/handlers/x2setupResponseToProtobuf.go:53.38,54.121 1 1
e2mgr/handlers/x2setupResponseToProtobuf.go:55.37,56.120 1 1
e2mgr/handlers/x2setupResponseToProtobuf.go:62.63,65.16 2 1
e2mgr/handlers/x2setupResponseToProtobuf.go:96.2,96.21 1 1
e2mgr/handlers/x2setupResponseToProtobuf.go:65.16,72.45 6 1
e2mgr/handlers/x2setupResponseToProtobuf.go:72.45,75.40 3 1
e2mgr/handlers/x2setupResponseToProtobuf.go:75.40,76.42 1 1
e2mgr/handlers/x2setupResponseToProtobuf.go:77.63,79.60 2 1
e2mgr/handlers/x2setupResponseToProtobuf.go:82.6,82.60 1 1
e2mgr/handlers/x2setupResponseToProtobuf.go:85.82,85.82 0 0
e2mgr/handlers/x2setupResponseToProtobuf.go:87.68,87.68 0 0
e2mgr/handlers/x2setupResponseToProtobuf.go:89.81,89.81 0 0
e2mgr/handlers/x2setupResponseToProtobuf.go:79.60,81.7 1 1
e2mgr/handlers/x2setupResponseToProtobuf.go:82.60,84.7 1 0
e2mgr/handlers/x2setupResponseToProtobuf.go:99.90,107.2 5 1
e2mgr/handlers/x2setupResponseToProtobuf.go:109.121,116.2 4 1
e2mgr/handlers/x2setupResponseToProtobuf.go:118.148,125.2 4 1
e2mgr/handlers/x2setupResponseToProtobuf.go:127.63,130.16 2 1
e2mgr/handlers/x2setupResponseToProtobuf.go:154.2,154.21 1 1
e2mgr/handlers/x2setupResponseToProtobuf.go:130.16,138.45 6 1
e2mgr/handlers/x2setupResponseToProtobuf.go:138.45,141.40 3 1
e2mgr/handlers/x2setupResponseToProtobuf.go:141.40,142.42 1 1
e2mgr/handlers/x2setupResponseToProtobuf.go:143.78,144.167 1 1
e2mgr/handlers/x2setupResponseToProtobuf.go:145.63,146.104 1 1
e2mgr/handlers/x2setupResponseToProtobuf.go:147.87,148.194 1 1
e2mgr/handlers/x2setupResponseToProtobuf.go:158.127,160.36 1 1
e2mgr/handlers/x2setupResponseToProtobuf.go:168.2,168.133 1 0
e2mgr/handlers/x2setupResponseToProtobuf.go:161.40,163.154 2 1
e2mgr/handlers/x2setupResponseToProtobuf.go:164.42,166.155 2 0
e2mgr/handlers/x2setupResponseToProtobuf.go:171.122,174.99 2 1
e2mgr/handlers/x2setupResponseToProtobuf.go:193.2,193.28 1 1
e2mgr/handlers/x2setupResponseToProtobuf.go:174.99,177.55 3 1
e2mgr/handlers/x2setupResponseToProtobuf.go:177.55,183.18 4 1
e2mgr/handlers/x2setupResponseToProtobuf.go:186.4,189.58 3 1
e2mgr/handlers/x2setupResponseToProtobuf.go:183.18,185.5 1 0
e2mgr/handlers/x2setupResponseToProtobuf.go:196.93,204.40 6 1
e2mgr/handlers/x2setupResponseToProtobuf.go:208.2,208.27 1 1
e2mgr/handlers/x2setupResponseToProtobuf.go:204.40,206.3 1 1
e2mgr/handlers/x2setupResponseToProtobuf.go:210.123,212.45 1 1
e2mgr/handlers/x2setupResponseToProtobuf.go:265.2,265.12 1 1
e2mgr/handlers/x2setupResponseToProtobuf.go:212.45,215.39 3 1
e2mgr/handlers/x2setupResponseToProtobuf.go:215.39,216.41 1 1
e2mgr/handlers/x2setupResponseToProtobuf.go:217.83,219.84 2 1
e2mgr/handlers/x2setupResponseToProtobuf.go:220.80,222.59 2 1
e2mgr/handlers/x2setupResponseToProtobuf.go:223.84,225.19 2 1
e2mgr/handlers/x2setupResponseToProtobuf.go:228.5,228.64 1 1
e2mgr/handlers/x2setupResponseToProtobuf.go:229.67,231.105 2 1
e2mgr/handlers/x2setupResponseToProtobuf.go:232.92,234.136 2 1
e2mgr/handlers/x2setupResponseToProtobuf.go:241.78,243.88 2 1
e2mgr/handlers/x2setupResponseToProtobuf.go:250.86,252.97 2 1
e2mgr/handlers/x2setupResponseToProtobuf.go:253.79,255.77 2 1
e2mgr/handlers/x2setupResponseToProtobuf.go:256.93,256.93 0 0
e2mgr/handlers/x2setupResponseToProtobuf.go:225.19,227.6 1 0
e2mgr/handlers/x2setupResponseToProtobuf.go:234.136,237.69 3 1
e2mgr/handlers/x2setupResponseToProtobuf.go:237.69,239.7 1 1
e2mgr/handlers/x2setupResponseToProtobuf.go:243.88,246.55 3 1
e2mgr/handlers/x2setupResponseToProtobuf.go:246.55,248.7 1 1
e2mgr/handlers/x2setupResponseToProtobuf.go:268.126,271.131 2 1
e2mgr/handlers/x2setupResponseToProtobuf.go:305.2,305.24 1 1
e2mgr/handlers/x2setupResponseToProtobuf.go:271.131,274.54 3 1
e2mgr/handlers/x2setupResponseToProtobuf.go:274.54,286.46 7 1
e2mgr/handlers/x2setupResponseToProtobuf.go:301.4,301.49 1 1
e2mgr/handlers/x2setupResponseToProtobuf.go:286.46,289.84 3 1
e2mgr/handlers/x2setupResponseToProtobuf.go:289.84,290.64 1 1
e2mgr/handlers/x2setupResponseToProtobuf.go:291.65,293.99 2 1
e2mgr/handlers/x2setupResponseToProtobuf.go:294.77,296.45 2 1
e2mgr/handlers/x2setupResponseToProtobuf.go:308.89,311.102 2 1
e2mgr/handlers/x2setupResponseToProtobuf.go:362.2,362.25 1 1
e2mgr/handlers/x2setupResponseToProtobuf.go:311.102,314.52 3 1
e2mgr/handlers/x2setupResponseToProtobuf.go:314.52,324.127 6 1
e2mgr/handlers/x2setupResponseToProtobuf.go:332.4,332.57 1 1
e2mgr/handlers/x2setupResponseToProtobuf.go:347.4,348.18 2 1
e2mgr/handlers/x2setupResponseToProtobuf.go:351.4,353.160 2 1
e2mgr/handlers/x2setupResponseToProtobuf.go:357.4,357.53 1 1
e2mgr/handlers/x2setupResponseToProtobuf.go:324.127,327.55 3 1
e2mgr/handlers/x2setupResponseToProtobuf.go:327.55,329.6 1 1
e2mgr/handlers/x2setupResponseToProtobuf.go:333.34,334.142 1 1
e2mgr/handlers/x2setupResponseToProtobuf.go:339.34,340.142 1 1
e2mgr/handlers/x2setupResponseToProtobuf.go:334.142,336.6 1 1
e2mgr/handlers/x2setupResponseToProtobuf.go:336.11,338.6 1 0
e2mgr/handlers/x2setupResponseToProtobuf.go:340.142,342.6 1 1
e2mgr/handlers/x2setupResponseToProtobuf.go:342.11,344.6 1 0
e2mgr/handlers/x2setupResponseToProtobuf.go:348.18,350.5 1 0
e2mgr/handlers/x2setupResponseToProtobuf.go:353.160,355.5 1 0
e2mgr/handlers/x2setupResponseToProtobuf.go:365.66,368.98 2 1
e2mgr/handlers/x2setupResponseToProtobuf.go:378.2,378.12 1 1
e2mgr/handlers/x2setupResponseToProtobuf.go:368.98,371.49 3 1
e2mgr/handlers/x2setupResponseToProtobuf.go:371.49,375.4 3 1
e2mgr/handlers/x2setupResponseToProtobuf.go:383.96,388.52 3 1
e2mgr/handlers/x2setupResponseToProtobuf.go:427.2,427.30 1 1
e2mgr/handlers/x2setupResponseToProtobuf.go:388.52,391.115 2 1
e2mgr/handlers/x2setupResponseToProtobuf.go:391.115,393.76 2 1
e2mgr/handlers/x2setupResponseToProtobuf.go:393.76,396.66 3 1
e2mgr/handlers/x2setupResponseToProtobuf.go:396.66,397.46 1 1
e2mgr/handlers/x2setupResponseToProtobuf.go:398.56,406.28 7 1
e2mgr/handlers/x2setupResponseToProtobuf.go:408.55,410.21 2 1
e2mgr/handlers/x2setupResponseToProtobuf.go:413.7,413.36 1 1
e2mgr/handlers/x2setupResponseToProtobuf.go:414.57,415.114 1 1
e2mgr/handlers/x2setupResponseToProtobuf.go:416.66,416.66 0 0
e2mgr/handlers/x2setupResponseToProtobuf.go:418.50,418.50 0 0
e2mgr/handlers/x2setupResponseToProtobuf.go:410.21,412.8 1 0
e2mgr/handlers/x2setupResponseToProtobuf.go:430.198,432.16 2 1
e2mgr/handlers/x2setupResponseToProtobuf.go:436.2,437.39 2 1
e2mgr/handlers/x2setupResponseToProtobuf.go:432.16,434.3 1 0
e2mgr/handlers/enb_load_information_notification_handler.go:17.134,21.2 1 1
e2mgr/handlers/enb_load_information_notification_handler.go:23.43,25.2 1 1
e2mgr/handlers/enb_load_information_notification_handler.go:27.201,42.16 2 1
e2mgr/handlers/enb_load_information_notification_handler.go:47.2,53.18 4 1
e2mgr/handlers/enb_load_information_notification_handler.go:58.2,62.20 3 1
e2mgr/handlers/enb_load_information_notification_handler.go:67.2,67.190 1 1
e2mgr/handlers/enb_load_information_notification_handler.go:42.16,45.3 2 1
e2mgr/handlers/enb_load_information_notification_handler.go:53.18,56.3 2 0
e2mgr/handlers/enb_load_information_notification_handler.go:62.20,65.3 2 0
e2mgr/handlers/endc_x2setupResponseToProtobuf.go:39.80,43.36 3 1
e2mgr/handlers/endc_x2setupResponseToProtobuf.go:53.2,53.104 1 1
e2mgr/handlers/endc_x2setupResponseToProtobuf.go:71.2,71.18 1 1
e2mgr/handlers/endc_x2setupResponseToProtobuf.go:43.36,46.100 2 1
e2mgr/handlers/endc_x2setupResponseToProtobuf.go:46.100,48.4 1 1
e2mgr/handlers/endc_x2setupResponseToProtobuf.go:48.9,50.4 1 0
e2mgr/handlers/endc_x2setupResponseToProtobuf.go:53.104,56.55 3 1
e2mgr/handlers/endc_x2setupResponseToProtobuf.go:56.55,59.130 2 1
e2mgr/handlers/endc_x2setupResponseToProtobuf.go:67.4,67.68 1 1
e2mgr/handlers/endc_x2setupResponseToProtobuf.go:59.130,62.73 3 1
e2mgr/handlers/endc_x2setupResponseToProtobuf.go:62.73,64.6 1 1
e2mgr/handlers/endc_x2setupResponseToProtobuf.go:74.78,81.2 4 1
e2mgr/handlers/endc_x2setupResponseToProtobuf.go:83.134,86.63 2 1
e2mgr/handlers/endc_x2setupResponseToProtobuf.go:92.2,92.63 1 1
e2mgr/handlers/endc_x2setupResponseToProtobuf.go:98.2,98.55 1 1
e2mgr/handlers/endc_x2setupResponseToProtobuf.go:104.2,104.55 1 1
e2mgr/handlers/endc_x2setupResponseToProtobuf.go:110.2,110.21 1 1
e2mgr/handlers/endc_x2setupResponseToProtobuf.go:86.63,88.3 1 1
e2mgr/handlers/endc_x2setupResponseToProtobuf.go:88.8,90.3 1 0
e2mgr/handlers/endc_x2setupResponseToProtobuf.go:92.63,94.3 1 1
e2mgr/handlers/endc_x2setupResponseToProtobuf.go:94.8,96.3 1 0
e2mgr/handlers/endc_x2setupResponseToProtobuf.go:98.55,100.3 1 1
e2mgr/handlers/endc_x2setupResponseToProtobuf.go:100.8,102.3 1 0
e2mgr/handlers/endc_x2setupResponseToProtobuf.go:104.55,106.3 1 1
e2mgr/handlers/endc_x2setupResponseToProtobuf.go:106.8,108.3 1 0
e2mgr/handlers/endc_x2setupResponseToProtobuf.go:113.134,116.60 2 1
e2mgr/handlers/endc_x2setupResponseToProtobuf.go:123.2,123.52 1 1
e2mgr/handlers/endc_x2setupResponseToProtobuf.go:129.2,129.21 1 1
e2mgr/handlers/endc_x2setupResponseToProtobuf.go:116.60,118.3 1 1
e2mgr/handlers/endc_x2setupResponseToProtobuf.go:118.8,121.3 1 0
e2mgr/handlers/endc_x2setupResponseToProtobuf.go:123.52,125.3 1 1
e2mgr/handlers/endc_x2setupResponseToProtobuf.go:125.8,127.3 1 0
e2mgr/handlers/endc_x2setupResponseToProtobuf.go:132.168,135.63 2 1
e2mgr/handlers/endc_x2setupResponseToProtobuf.go:141.2,141.63 1 1
e2mgr/handlers/endc_x2setupResponseToProtobuf.go:147.2,147.21 1 1
e2mgr/handlers/endc_x2setupResponseToProtobuf.go:135.63,137.3 1 1
e2mgr/handlers/endc_x2setupResponseToProtobuf.go:137.8,139.3 1 0
e2mgr/handlers/endc_x2setupResponseToProtobuf.go:141.63,143.3 1 1
e2mgr/handlers/endc_x2setupResponseToProtobuf.go:143.8,145.3 1 0
e2mgr/handlers/endc_x2setupResponseToProtobuf.go:149.168,152.60 2 1
e2mgr/handlers/endc_x2setupResponseToProtobuf.go:158.2,158.21 1 1
e2mgr/handlers/endc_x2setupResponseToProtobuf.go:152.60,154.3 1 1
e2mgr/handlers/endc_x2setupResponseToProtobuf.go:154.8,156.3 1 0
e2mgr/handlers/endc_x2setupResponseToProtobuf.go:161.121,164.131 2 1
e2mgr/handlers/endc_x2setupResponseToProtobuf.go:199.2,199.24 1 1
e2mgr/handlers/endc_x2setupResponseToProtobuf.go:164.131,167.54 3 1
e2mgr/handlers/endc_x2setupResponseToProtobuf.go:167.54,175.32 5 1
e2mgr/handlers/endc_x2setupResponseToProtobuf.go:180.4,180.36 1 1
e2mgr/handlers/endc_x2setupResponseToProtobuf.go:183.4,183.46 1 1
e2mgr/handlers/endc_x2setupResponseToProtobuf.go:194.4,194.41 1 1
e2mgr/handlers/endc_x2setupResponseToProtobuf.go:175.32,178.5 1 0
e2mgr/handlers/endc_x2setupResponseToProtobuf.go:180.36,182.5 1 0
e2mgr/handlers/endc_x2setupResponseToProtobuf.go:184.71,185.200 1 1
e2mgr/handlers/endc_x2setupResponseToProtobuf.go:189.71,190.200 1 1
e2mgr/handlers/endc_x2setupResponseToProtobuf.go:185.200,187.6 1 1
e2mgr/handlers/endc_x2setupResponseToProtobuf.go:190.200,192.6 1 1
e2mgr/handlers/endc_x2setupResponseToProtobuf.go:202.125,205.146 2 1
e2mgr/handlers/endc_x2setupResponseToProtobuf.go:257.2,257.27 1 1
e2mgr/handlers/endc_x2setupResponseToProtobuf.go:205.146,208.109 3 1
e2mgr/handlers/endc_x2setupResponseToProtobuf.go:208.109,217.42 6 1
e2mgr/handlers/endc_x2setupResponseToProtobuf.go:221.4,221.46 1 1
e2mgr/handlers/endc_x2setupResponseToProtobuf.go:225.4,225.117 1 1
e2mgr/handlers/endc_x2setupResponseToProtobuf.go:232.4,232.47 1 1
e2mgr/handlers/endc_x2setupResponseToProtobuf.go:247.4,248.18 2 1
e2mgr/handlers/endc_x2setupResponseToProtobuf.go:251.4,253.55 2 1
e2mgr/handlers/endc_x2setupResponseToProtobuf.go:217.42,219.5 1 1
e2mgr/handlers/endc_x2setupResponseToProtobuf.go:221.46,223.5 1 1
e2mgr/handlers/endc_x2setupResponseToProtobuf.go:225.117,228.55 3 1
e2mgr/handlers/endc_x2setupResponseToProtobuf.go:228.55,230.6 1 1
e2mgr/handlers/endc_x2setupResponseToProtobuf.go:233.55,234.166 1 1
e2mgr/handlers/endc_x2setupResponseToProtobuf.go:239.55,240.166 1 1
e2mgr/handlers/endc_x2setupResponseToProtobuf.go:234.166,236.6 1 1
e2mgr/handlers/endc_x2setupResponseToProtobuf.go:236.11,238.6 1 0
e2mgr/handlers/endc_x2setupResponseToProtobuf.go:240.166,242.6 1 1
e2mgr/handlers/endc_x2setupResponseToProtobuf.go:242.11,244.6 1 0
e2mgr/handlers/endc_x2setupResponseToProtobuf.go:248.18,250.5 1 0
e2mgr/handlers/endc_x2setupResponseToProtobuf.go:263.100,268.52 3 1
e2mgr/handlers/endc_x2setupResponseToProtobuf.go:315.2,315.29 1 1
e2mgr/handlers/endc_x2setupResponseToProtobuf.go:268.52,271.119 2 1
e2mgr/handlers/endc_x2setupResponseToProtobuf.go:271.119,273.84 2 1
e2mgr/handlers/endc_x2setupResponseToProtobuf.go:273.84,276.74 3 1
e2mgr/handlers/endc_x2setupResponseToProtobuf.go:276.74,277.116 1 1
e2mgr/handlers/endc_x2setupResponseToProtobuf.go:277.116,279.41 2 1
e2mgr/handlers/endc_x2setupResponseToProtobuf.go:280.63,282.112 2 1
e2mgr/handlers/endc_x2setupResponseToProtobuf.go:306.60,306.60 0 0
e2mgr/handlers/endc_x2setupResponseToProtobuf.go:282.112,285.86 3 1
e2mgr/handlers/endc_x2setupResponseToProtobuf.go:285.86,286.58 1 1
e2mgr/handlers/endc_x2setupResponseToProtobuf.go:287.68,290.64 3 1
e2mgr/handlers/endc_x2setupResponseToProtobuf.go:296.89,298.25 2 1
e2mgr/handlers/endc_x2setupResponseToProtobuf.go:301.11,302.42 2 1
e2mgr/handlers/endc_x2setupResponseToProtobuf.go:290.64,295.12 4 1
e2mgr/handlers/endc_x2setupResponseToProtobuf.go:298.25,300.12 1 0
e2mgr/handlers/endc_x2setupResponseToProtobuf.go:318.202,320.16 2 1
e2mgr/handlers/endc_x2setupResponseToProtobuf.go:324.2,325.43 2 1
e2mgr/handlers/endc_x2setupResponseToProtobuf.go:320.16,322.3 1 0
e2mgr/handlers/ranLostConnectionHandler.go:36.153,41.2 1 1
e2mgr/handlers/ranLostConnectionHandler.go:43.91,49.86 4 1
e2mgr/handlers/ranLostConnectionHandler.go:63.2,65.8 3 1
e2mgr/handlers/ranLostConnectionHandler.go:49.86,51.3 1 1
e2mgr/handlers/ranLostConnectionHandler.go:51.8,55.83 4 1
e2mgr/handlers/ranLostConnectionHandler.go:55.83,57.4 1 1
e2mgr/handlers/ranLostConnectionHandler.go:57.9,61.4 2 1
e2mgr/handlers/ranLostConnectionHandler.go:65.8,68.3 2 1
e2mgr/handlers/ranLostConnectionHandler.go:72.70,73.28 1 1
e2mgr/handlers/ranLostConnectionHandler.go:74.131,75.63 1 1
e2mgr/handlers/ranLostConnectionHandler.go:76.46,77.153 1 1
e2mgr/handlers/ranLostConnectionHandler.go:78.10,79.60 1 1
e2mgr/handlers/x2apPdu_asn1_unpacker.go:31.162,34.16 2 1
e2mgr/handlers/x2apPdu_asn1_unpacker.go:38.2,41.159 3 1
e2mgr/handlers/x2apPdu_asn1_unpacker.go:45.2,45.27 1 1
e2mgr/handlers/x2apPdu_asn1_unpacker.go:50.2,50.17 1 1
e2mgr/handlers/x2apPdu_asn1_unpacker.go:34.16,36.3 1 0
e2mgr/handlers/x2apPdu_asn1_unpacker.go:41.159,43.3 1 1
e2mgr/handlers/x2apPdu_asn1_unpacker.go:45.27,48.3 2 0
e2mgr/handlers/x2apPdu_asn1_unpacker.go:78.158,81.16 2 1
e2mgr/handlers/x2apPdu_asn1_unpacker.go:85.2,88.132 3 1
e2mgr/handlers/x2apPdu_asn1_unpacker.go:92.2,92.27 1 1
e2mgr/handlers/x2apPdu_asn1_unpacker.go:97.2,97.17 1 1
e2mgr/handlers/x2apPdu_asn1_unpacker.go:81.16,83.3 1 0
e2mgr/handlers/x2apPdu_asn1_unpacker.go:88.132,90.3 1 1
e2mgr/handlers/x2apPdu_asn1_unpacker.go:92.27,95.3 2 1
e2mgr/handlers/x2apPdu_asn1_unpacker.go:100.175,102.16 2 1
e2mgr/handlers/x2apPdu_asn1_unpacker.go:106.2,109.27 3 1
e2mgr/handlers/x2apPdu_asn1_unpacker.go:115.2,115.62 1 1
e2mgr/handlers/x2apPdu_asn1_unpacker.go:102.16,104.3 1 1
e2mgr/handlers/x2apPdu_asn1_unpacker.go:109.27,113.3 3 1
e2mgr/handlers/x2apSetup_response_notification_handler.go:33.91,38.16 3 0
e2mgr/handlers/x2apSetup_response_notification_handler.go:42.2,44.8 2 0
e2mgr/handlers/x2apSetup_response_notification_handler.go:38.16,40.3 1 0
e2mgr/handlers/x2apSetup_response_notification_handler.go:44.8,45.17 1 0
e2mgr/handlers/x2apSetup_response_notification_handler.go:69.3,70.44 2 0
e2mgr/handlers/x2apSetup_response_notification_handler.go:45.17,60.87 12 0
e2mgr/handlers/x2apSetup_response_notification_handler.go:60.87,62.5 1 0
e2mgr/handlers/x2apSetup_response_notification_handler.go:62.10,64.30 2 0
e2mgr/handlers/x2apSetup_response_notification_handler.go:64.30,66.6 1 0
e2mgr/handlers/x2setupFailureResponseToProtobuf.go:36.78,37.25 1 1
e2mgr/handlers/x2setupFailureResponseToProtobuf.go:51.2,51.12 1 1
e2mgr/handlers/x2setupFailureResponseToProtobuf.go:38.31,40.130 2 1
e2mgr/handlers/x2setupFailureResponseToProtobuf.go:41.28,43.131 2 1
e2mgr/handlers/x2setupFailureResponseToProtobuf.go:44.27,46.113 2 1
e2mgr/handlers/x2setupFailureResponseToProtobuf.go:47.23,49.128 2 1
e2mgr/handlers/x2setupFailureResponseToProtobuf.go:54.114,57.37 2 1
e2mgr/handlers/x2setupFailureResponseToProtobuf.go:63.2,63.41 1 1
e2mgr/handlers/x2setupFailureResponseToProtobuf.go:71.2,71.44 1 1
e2mgr/handlers/x2setupFailureResponseToProtobuf.go:79.2,79.171 1 1
e2mgr/handlers/x2setupFailureResponseToProtobuf.go:98.2,98.22 1 1
e2mgr/handlers/x2setupFailureResponseToProtobuf.go:57.37,61.3 2 1
e2mgr/handlers/x2setupFailureResponseToProtobuf.go:63.41,64.22 1 1
e2mgr/handlers/x2setupFailureResponseToProtobuf.go:67.3,67.93 1 1
e2mgr/handlers/x2setupFailureResponseToProtobuf.go:64.22,66.4 1 1
e2mgr/handlers/x2setupFailureResponseToProtobuf.go:71.44,72.22 1 1
e2mgr/handlers/x2setupFailureResponseToProtobuf.go:75.3,75.93 1 1
e2mgr/handlers/x2setupFailureResponseToProtobuf.go:72.22,74.4 1 1
e2mgr/handlers/x2setupFailureResponseToProtobuf.go:79.171,80.22 1 1
e2mgr/handlers/x2setupFailureResponseToProtobuf.go:83.3,87.91 5 1
e2mgr/handlers/x2setupFailureResponseToProtobuf.go:95.3,95.67 1 1
e2mgr/handlers/x2setupFailureResponseToProtobuf.go:80.22,82.4 1 1
e2mgr/handlers/x2setupFailureResponseToProtobuf.go:87.91,94.4 4 1
e2mgr/handlers/x2setupFailureResponseToProtobuf.go:102.90,105.54 2 1
e2mgr/handlers/x2setupFailureResponseToProtobuf.go:138.2,138.27 1 1
e2mgr/handlers/x2setupFailureResponseToProtobuf.go:105.54,108.120 2 1
e2mgr/handlers/x2setupFailureResponseToProtobuf.go:108.120,110.74 2 1
e2mgr/handlers/x2setupFailureResponseToProtobuf.go:110.74,113.64 3 1
e2mgr/handlers/x2setupFailureResponseToProtobuf.go:113.64,114.34 1 1
e2mgr/handlers/x2setupFailureResponseToProtobuf.go:114.34,115.46 1 1
e2mgr/handlers/x2setupFailureResponseToProtobuf.go:116.49,119.22 3 1
e2mgr/handlers/x2setupFailureResponseToProtobuf.go:122.54,123.131 1 1
e2mgr/handlers/x2setupFailureResponseToProtobuf.go:124.66,126.66 2 1
e2mgr/handlers/x2setupFailureResponseToProtobuf.go:119.22,121.9 1 0
e2mgr/handlers/x2setupFailureResponseToProtobuf.go:126.66,128.9 1 1
e2mgr/handlers/x2setupFailureResponseToProtobuf.go:128.14,130.9 1 0
e2mgr/handlers/x2setupFailureResponseToProtobuf.go:141.192,143.16 2 1
e2mgr/handlers/x2setupFailureResponseToProtobuf.go:147.2,149.46 2 1
e2mgr/handlers/x2setupFailureResponseToProtobuf.go:143.16,145.3 1 0
e2mgr/handlers/delete_all_request_handler.go:41.68,47.2 1 1
e2mgr/handlers/delete_all_request_handler.go:49.158,52.16 2 1
e2mgr/handlers/delete_all_request_handler.go:56.2,56.26 1 1
e2mgr/handlers/delete_all_request_handler.go:61.2,68.16 6 1
e2mgr/handlers/delete_all_request_handler.go:72.2,72.12 1 1
e2mgr/handlers/delete_all_request_handler.go:52.16,54.3 1 1
e2mgr/handlers/delete_all_request_handler.go:56.26,58.3 1 1
e2mgr/handlers/delete_all_request_handler.go:68.16,70.3 1 0
e2mgr/handlers/delete_all_request_handler.go:75.116,78.16 2 1
e2mgr/handlers/delete_all_request_handler.go:83.2,83.30 1 1
e2mgr/handlers/delete_all_request_handler.go:87.2,87.42 1 1
e2mgr/handlers/delete_all_request_handler.go:105.2,106.18 2 1
e2mgr/handlers/delete_all_request_handler.go:78.16,81.3 2 1
e2mgr/handlers/delete_all_request_handler.go:83.30,85.3 1 1
e2mgr/handlers/delete_all_request_handler.go:87.42,91.17 2 1
e2mgr/handlers/delete_all_request_handler.go:97.3,97.20 1 1
e2mgr/handlers/delete_all_request_handler.go:102.3,102.55 1 1
e2mgr/handlers/delete_all_request_handler.go:91.17,94.12 2 1
e2mgr/handlers/delete_all_request_handler.go:97.20,100.12 2 1
e2mgr/handlers/delete_all_request_handler.go:109.142,112.18 2 1
e2mgr/handlers/delete_all_request_handler.go:116.2,120.16 3 1
e2mgr/handlers/delete_all_request_handler.go:126.2,126.27 1 1
e2mgr/handlers/delete_all_request_handler.go:112.18,114.3 1 1
e2mgr/handlers/delete_all_request_handler.go:120.16,124.3 2 1
e2mgr/handlers/delete_all_request_handler.go:126.27,129.3 1 0
e2mgr/handlers/delete_all_request_handler.go:132.146,134.65 1 1
e2mgr/handlers/delete_all_request_handler.go:138.2,138.70 1 1
e2mgr/handlers/delete_all_request_handler.go:143.2,147.16 3 1
e2mgr/handlers/delete_all_request_handler.go:153.2,153.137 1 1
e2mgr/handlers/delete_all_request_handler.go:134.65,136.3 1 1
e2mgr/handlers/delete_all_request_handler.go:138.70,141.3 2 0
e2mgr/handlers/delete_all_request_handler.go:147.16,151.3 2 1
